2024-02-14 21:34:52,232: WARNING: SUCCESSFULLY RETRIEVED info of all executives from the Database
2024-02-14 21:35:32,241: WARNING: SUCCESSFULLY ADDED Mary McClean in the Database
2024-02-14 21:35:42,715: WARNING: SUCCESSFULLY RETRIEVED info of all executives from the Database
2024-02-14 22:33:53,463: WARNING: SUCCESSFULLY ADDED Janet Smith in the Database
2024-02-14 22:34:36,005: WARNING: SUCCESSFULLY ADDED John McClean in the Database
2024-02-14 22:34:36,146: WARNING: SUCCESSFULLY ADDED Janet Smith in the Database
2024-02-14 22:34:51,190: WARNING: SUCCESSFULLY RETRIEVED info of all executives from the Database
2024-02-14 22:34:51,190: WARNING: SUCCESSFULLY RETRIEVED info of casuals from the Database
2024-02-14 22:36:18,716: WARNING: SUCCESSFULLY RETRIEVED info of casuals from the Database
2024-02-14 22:40:16,092: WARNING: SUCCESSFULLY RETRIEVED info of casuals from the Database
2024-02-15 00:09:55,820: WARNING: SUCCESSFULLY RETRIEVED info of all executives from the Database
2024-02-15 00:10:32,632: WARNING: SUCCESSFULLY RETRIEVED info of all executives from the Database
2024-02-15 00:10:32,632: WARNING: SUCCESSFULLY RETRIEVED info of casuals from the Database
2024-02-15 00:10:58,440: WARNING: SUCCESSFULLY RETRIEVED info of all executives from the Database
2024-02-15 00:10:58,441: WARNING: SUCCESSFULLY RETRIEVED info of casuals from the Database
2024-02-15 16:00:27,626: WARNING: SUCCESSFULLY RETRIEVED info of casuals from the Database
2024-02-15 16:00:27,626: WARNING: SUCCESSFULLY RETRIEVED info of casuals from the Database
2024-02-15 16:30:57,985: WARNING: SUCCESSFULLY RETRIEVED info of casuals from the Database
2024-02-15 16:31:21,518: WARNING: SUCCESSFULLY RETRIEVED info of casuals from the Database
2024-02-29 23:11:58,545: WARNING: SUCCESSFULLY RETRIEVED info of casuals from the Database
2024-02-29 23:11:58,561: WARNING: SUCCESSFULLY RETRIEVED info of all executives from the Database
2024-02-29 23:11:58,561: WARNING: SUCCESSFULLY RETRIEVED info of casuals from the Database
2024-02-29 23:20:03,703: WARNING: SUCCESSFULLY RETRIEVED info of casuals from the Database
2024-02-29 23:20:03,703: WARNING: SUCCESSFULLY RETRIEVED info of casuals from the Database
2024-02-29 23:20:03,703: WARNING: SUCCESSFULLY RETRIEVED info of casuals from the Database
2024-02-29 23:20:03,703: WARNING: SUCCESSFULLY RETRIEVED info of casuals from the Database
2024-02-29 23:20:03,703: WARNING: SUCCESSFULLY RETRIEVED info of casuals from the Database
2024-02-29 23:22:19,500: WARNING: SUCCESSFULLY RETRIEVED info of casuals from the Database
2024-02-29 23:22:19,513: WARNING: SUCCESSFULLY RETRIEVED info of casuals from the Database
2024-02-29 23:22:19,513: WARNING: SUCCESSFULLY RETRIEVED info of casuals from the Database
2024-02-29 23:22:19,513: WARNING: SUCCESSFULLY RETRIEVED info of casuals from the Database
2024-02-29 23:22:19,513: WARNING: SUCCESSFULLY RETRIEVED info of casuals from the Database
2024-02-29 23:23:09,841: WARNING: SUCCESSFULLY RETRIEVED info of casuals from the Database
2024-02-29 23:23:09,857: WARNING: SUCCESSFULLY RETRIEVED info of casuals from the Database
2024-02-29 23:23:09,857: WARNING: SUCCESSFULLY RETRIEVED info of casuals from the Database
2024-02-29 23:23:09,857: WARNING: SUCCESSFULLY RETRIEVED info of casuals from the Database
2024-02-29 23:23:09,857: WARNING: SUCCESSFULLY RETRIEVED info of casuals from the Database
2024-03-01 10:27:48,414: WARNING: SUCCESSFULLY RETRIEVED info of casuals from the Database
2024-03-01 10:27:48,414: WARNING: SUCCESSFULLY RETRIEVED info of casuals from the Database
2024-03-01 10:42:05,400: WARNING: SUCCESSFULLY RETRIEVED info of casuals from the Database
2024-03-01 10:42:05,400: WARNING: SUCCESSFULLY RETRIEVED info of casuals from the Database
2024-03-01 10:42:05,400: WARNING: SUCCESSFULLY RETRIEVED info of casuals from the Database
2024-03-01 19:50:58,160: WARNING: SUCCESSFULLY RETRIEVED info of casuals from the Database
2024-03-01 19:52:36,760: WARNING: SUCCESSFULLY RETRIEVED info of casuals from the Database
2024-03-01 19:52:36,760: WARNING: SUCCESSFULLY RETRIEVED info of casuals from the Database
2024-03-01 20:10:56,628: WARNING: SUCCESSFULLY RETRIEVED info of casuals from the Database
2024-03-01 20:10:56,628: WARNING: SUCCESSFULLY RETRIEVED info of casuals from the Database
2024-03-01 20:10:56,628: WARNING: SUCCESSFULLY RETRIEVED info of casuals from the Database
2024-03-01 20:18:22,224: WARNING: SUCCESSFULLY RETRIEVED info of casuals from the Database
2024-03-01 20:18:22,224: WARNING: SUCCESSFULLY RETRIEVED info of casuals from the Database
2024-03-01 20:18:22,224: WARNING: SUCCESSFULLY RETRIEVED info of casuals from the Database
2024-03-01 20:18:22,224: WARNING: SUCCESSFULLY RETRIEVED info of casuals from the Database
2024-03-01 20:19:06,715: WARNING: SUCCESSFULLY RETRIEVED info of casuals from the Database
2024-03-01 20:19:06,715: WARNING: SUCCESSFULLY RETRIEVED info of casuals from the Database
2024-03-01 20:19:06,715: WARNING: SUCCESSFULLY RETRIEVED info of casuals from the Database
2024-03-01 20:19:06,715: WARNING: SUCCESSFULLY RETRIEVED info of casuals from the Database
2024-03-01 20:19:06,715: WARNING: SUCCESSFULLY RETRIEVED info of casuals from the Database
2024-03-01 20:24:29,644: WARNING: SUCCESSFULLY RETRIEVED info of casuals from the Database
2024-03-01 20:24:29,644: WARNING: SUCCESSFULLY RETRIEVED info of casuals from the Database
2024-03-01 20:24:29,644: WARNING: SUCCESSFULLY RETRIEVED info of casuals from the Database
2024-03-01 20:24:29,644: WARNING: SUCCESSFULLY RETRIEVED info of casuals from the Database
2024-03-01 20:24:29,644: WARNING: SUCCESSFULLY RETRIEVED info of casuals from the Database
2024-03-01 20:24:29,644: WARNING: SUCCESSFULLY RETRIEVED info of casuals from the Database
2024-03-01 20:25:21,402: WARNING: SUCCESSFULLY RETRIEVED info of casuals from the Database
2024-03-01 20:25:21,402: WARNING: SUCCESSFULLY RETRIEVED info of casuals from the Database
2024-03-01 20:25:21,402: WARNING: SUCCESSFULLY RETRIEVED info of casuals from the Database
2024-03-01 20:25:21,402: WARNING: SUCCESSFULLY RETRIEVED info of casuals from the Database
2024-03-01 20:25:21,402: WARNING: SUCCESSFULLY RETRIEVED info of casuals from the Database
2024-03-01 20:25:21,402: WARNING: SUCCESSFULLY RETRIEVED info of casuals from the Database
2024-03-01 20:25:21,402: WARNING: SUCCESSFULLY RETRIEVED info of casuals from the Database
2024-03-01 20:27:54,449: WARNING: SUCCESSFULLY RETRIEVED info of casuals from the Database
2024-03-01 20:27:54,449: WARNING: SUCCESSFULLY RETRIEVED info of casuals from the Database
2024-03-01 20:27:54,449: WARNING: SUCCESSFULLY RETRIEVED info of casuals from the Database
2024-03-01 20:27:54,449: WARNING: SUCCESSFULLY RETRIEVED info of casuals from the Database
2024-03-01 20:27:54,449: WARNING: SUCCESSFULLY RETRIEVED info of casuals from the Database
2024-03-01 20:27:54,449: WARNING: SUCCESSFULLY RETRIEVED info of casuals from the Database
2024-03-01 20:27:54,449: WARNING: SUCCESSFULLY RETRIEVED info of casuals from the Database
2024-03-01 20:27:54,449: WARNING: SUCCESSFULLY RETRIEVED info of casuals from the Database
2024-03-01 20:29:58,865: WARNING: SUCCESSFULLY RETRIEVED info of casuals from the Database
2024-03-01 20:29:58,865: WARNING: SUCCESSFULLY RETRIEVED info of casuals from the Database
2024-03-01 20:29:58,865: WARNING: SUCCESSFULLY RETRIEVED info of casuals from the Database
2024-03-01 20:29:58,865: WARNING: SUCCESSFULLY RETRIEVED info of casuals from the Database
2024-03-01 20:29:58,865: WARNING: SUCCESSFULLY RETRIEVED info of casuals from the Database
2024-03-01 20:29:58,865: WARNING: SUCCESSFULLY RETRIEVED info of casuals from the Database
2024-03-01 20:29:58,865: WARNING: SUCCESSFULLY RETRIEVED info of casuals from the Database
2024-03-01 20:29:58,865: WARNING: SUCCESSFULLY RETRIEVED info of casuals from the Database
2024-03-01 20:29:58,865: WARNING: SUCCESSFULLY RETRIEVED info of casuals from the Database
2024-03-01 20:29:58,865: WARNING: SUCCESSFULLY RETRIEVED info of casuals from the Database
2024-03-01 20:37:05,308: WARNING: SUCCESSFULLY RETRIEVED info of casuals from the Database
2024-03-01 20:37:05,308: WARNING: SUCCESSFULLY RETRIEVED info of casuals from the Database
2024-03-01 20:37:05,308: WARNING: SUCCESSFULLY RETRIEVED info of casuals from the Database
2024-03-01 20:37:05,308: WARNING: SUCCESSFULLY RETRIEVED info of casuals from the Database
2024-03-01 20:37:05,308: WARNING: SUCCESSFULLY RETRIEVED info of casuals from the Database
2024-03-01 20:37:05,308: WARNING: SUCCESSFULLY RETRIEVED info of casuals from the Database
2024-03-01 20:37:05,308: WARNING: SUCCESSFULLY RETRIEVED info of casuals from the Database
2024-03-01 20:37:05,308: WARNING: SUCCESSFULLY RETRIEVED info of casuals from the Database
2024-03-01 20:37:05,308: WARNING: SUCCESSFULLY RETRIEVED info of casuals from the Database
2024-03-01 20:37:05,308: WARNING: SUCCESSFULLY RETRIEVED info of casuals from the Database
2024-03-01 20:37:05,308: WARNING: SUCCESSFULLY RETRIEVED info of casuals from the Database
2024-03-01 20:37:45,119: WARNING: SUCCESSFULLY RETRIEVED info of casuals from the Database
2024-03-01 20:37:45,119: WARNING: SUCCESSFULLY RETRIEVED info of casuals from the Database
2024-03-01 20:37:45,119: WARNING: SUCCESSFULLY RETRIEVED info of casuals from the Database
2024-03-01 20:37:45,119: WARNING: SUCCESSFULLY RETRIEVED info of casuals from the Database
2024-03-01 20:37:45,119: WARNING: SUCCESSFULLY RETRIEVED info of casuals from the Database
2024-03-01 20:37:45,119: WARNING: SUCCESSFULLY RETRIEVED info of casuals from the Database
2024-03-01 20:37:45,119: WARNING: SUCCESSFULLY RETRIEVED info of casuals from the Database
2024-03-01 20:37:45,119: WARNING: SUCCESSFULLY RETRIEVED info of casuals from the Database
2024-03-01 20:37:45,119: WARNING: SUCCESSFULLY RETRIEVED info of casuals from the Database
2024-03-01 20:37:45,119: WARNING: SUCCESSFULLY RETRIEVED info of casuals from the Database
2024-03-01 20:37:45,119: WARNING: SUCCESSFULLY RETRIEVED info of casuals from the Database
2024-03-01 20:37:45,119: WARNING: SUCCESSFULLY RETRIEVED info of casuals from the Database
2024-03-01 20:40:46,229: WARNING: SUCCESSFULLY RETRIEVED info of casuals from the Database
2024-03-01 20:40:46,229: WARNING: SUCCESSFULLY RETRIEVED info of casuals from the Database
2024-03-01 20:40:46,229: WARNING: SUCCESSFULLY RETRIEVED info of casuals from the Database
2024-03-01 20:40:46,229: WARNING: SUCCESSFULLY RETRIEVED info of casuals from the Database
2024-03-01 20:40:46,229: WARNING: SUCCESSFULLY RETRIEVED info of casuals from the Database
2024-03-01 20:40:46,229: WARNING: SUCCESSFULLY RETRIEVED info of casuals from the Database
2024-03-01 20:40:46,229: WARNING: SUCCESSFULLY RETRIEVED info of casuals from the Database
2024-03-01 20:40:46,229: WARNING: SUCCESSFULLY RETRIEVED info of casuals from the Database
2024-03-01 20:40:46,229: WARNING: SUCCESSFULLY RETRIEVED info of casuals from the Database
2024-03-01 20:40:46,229: WARNING: SUCCESSFULLY RETRIEVED info of casuals from the Database
2024-03-01 20:40:46,229: WARNING: SUCCESSFULLY RETRIEVED info of casuals from the Database
2024-03-01 20:40:46,229: WARNING: SUCCESSFULLY RETRIEVED info of casuals from the Database
2024-03-01 20:40:46,229: WARNING: SUCCESSFULLY RETRIEVED info of casuals from the Database
2024-03-01 20:42:06,568: WARNING: SUCCESSFULLY RETRIEVED info of casuals from the Database
2024-03-01 20:42:06,568: WARNING: SUCCESSFULLY RETRIEVED info of casuals from the Database
2024-03-01 20:42:06,568: WARNING: SUCCESSFULLY RETRIEVED info of casuals from the Database
2024-03-01 20:42:06,568: WARNING: SUCCESSFULLY RETRIEVED info of casuals from the Database
2024-03-01 20:42:06,568: WARNING: SUCCESSFULLY RETRIEVED info of casuals from the Database
2024-03-01 20:42:06,568: WARNING: SUCCESSFULLY RETRIEVED info of casuals from the Database
2024-03-01 20:42:06,568: WARNING: SUCCESSFULLY RETRIEVED info of casuals from the Database
2024-03-01 20:42:06,568: WARNING: SUCCESSFULLY RETRIEVED info of casuals from the Database
2024-03-01 20:42:06,568: WARNING: SUCCESSFULLY RETRIEVED info of casuals from the Database
2024-03-01 20:42:06,568: WARNING: SUCCESSFULLY RETRIEVED info of casuals from the Database
2024-03-01 20:42:06,568: WARNING: SUCCESSFULLY RETRIEVED info of casuals from the Database
2024-03-01 20:42:06,568: WARNING: SUCCESSFULLY RETRIEVED info of casuals from the Database
2024-03-01 20:42:06,568: WARNING: SUCCESSFULLY RETRIEVED info of casuals from the Database
2024-03-01 20:42:06,568: WARNING: SUCCESSFULLY RETRIEVED info of casuals from the Database
2024-03-01 23:29:55,024: WARNING: SUCCESSFULLY RETRIEVED info of casuals from the Database
2024-03-01 23:29:55,024: WARNING: SUCCESSFULLY RETRIEVED info of casuals from the Database
2024-03-01 23:29:55,024: WARNING: SUCCESSFULLY RETRIEVED info of casuals from the Database
2024-03-01 23:29:55,024: WARNING: SUCCESSFULLY RETRIEVED info of casuals from the Database
2024-03-01 23:29:55,024: WARNING: SUCCESSFULLY RETRIEVED info of casuals from the Database
2024-03-01 23:29:55,024: WARNING: SUCCESSFULLY RETRIEVED info of casuals from the Database
2024-03-01 23:29:55,024: WARNING: SUCCESSFULLY RETRIEVED info of casuals from the Database
2024-03-01 23:29:55,024: WARNING: SUCCESSFULLY RETRIEVED info of casuals from the Database
2024-03-01 23:29:55,024: WARNING: SUCCESSFULLY RETRIEVED info of casuals from the Database
2024-03-01 23:29:55,024: WARNING: SUCCESSFULLY RETRIEVED info of casuals from the Database
2024-03-01 23:29:55,024: WARNING: SUCCESSFULLY RETRIEVED info of casuals from the Database
2024-03-01 23:29:55,024: WARNING: SUCCESSFULLY RETRIEVED info of casuals from the Database
2024-03-01 23:29:55,024: WARNING: SUCCESSFULLY RETRIEVED info of casuals from the Database
2024-03-01 23:29:55,024: WARNING: SUCCESSFULLY RETRIEVED info of casuals from the Database
2024-03-01 23:29:55,024: WARNING: SUCCESSFULLY RETRIEVED info of casuals from the Database
2024-03-01 23:32:44,489: WARNING: SUCCESSFULLY RETRIEVED info of casuals from the Database
2024-03-01 23:33:59,946: WARNING: SUCCESSFULLY RETRIEVED info of casuals from the Database
2024-03-01 23:33:59,946: WARNING: SUCCESSFULLY RETRIEVED info of casuals from the Database
2024-03-01 23:38:34,549: WARNING: SUCCESSFULLY RETRIEVED info of casuals from the Database
2024-03-01 23:38:34,549: WARNING: SUCCESSFULLY RETRIEVED info of casuals from the Database
2024-03-01 23:38:34,549: WARNING: SUCCESSFULLY RETRIEVED info of casuals from the Database
2024-03-01 23:43:08,137: WARNING: SUCCESSFULLY RETRIEVED info of casuals from the Database
2024-03-01 23:43:08,137: WARNING: SUCCESSFULLY RETRIEVED info of casuals from the Database
2024-03-01 23:43:08,137: WARNING: SUCCESSFULLY RETRIEVED info of casuals from the Database
2024-03-01 23:43:08,137: WARNING: SUCCESSFULLY RETRIEVED info of casuals from the Database
2024-03-01 23:44:09,194: WARNING: SUCCESSFULLY RETRIEVED info of casuals from the Database
2024-03-01 23:44:09,194: WARNING: SUCCESSFULLY RETRIEVED info of casuals from the Database
2024-03-01 23:44:09,194: WARNING: SUCCESSFULLY RETRIEVED info of casuals from the Database
2024-03-01 23:44:09,194: WARNING: SUCCESSFULLY RETRIEVED info of casuals from the Database
2024-03-01 23:44:09,194: WARNING: SUCCESSFULLY RETRIEVED info of casuals from the Database
2024-03-01 23:49:18,073: WARNING: SUCCESSFULLY RETRIEVED info of casuals from the Database
2024-03-01 23:49:18,073: WARNING: SUCCESSFULLY RETRIEVED info of casuals from the Database
2024-03-01 23:49:18,073: WARNING: SUCCESSFULLY RETRIEVED info of casuals from the Database
2024-03-01 23:49:18,073: WARNING: SUCCESSFULLY RETRIEVED info of casuals from the Database
2024-03-01 23:49:18,073: WARNING: SUCCESSFULLY RETRIEVED info of casuals from the Database
2024-03-01 23:49:18,073: WARNING: SUCCESSFULLY RETRIEVED info of casuals from the Database
2024-03-01 23:52:37,440: WARNING: SUCCESSFULLY RETRIEVED info of casuals from the Database
2024-03-01 23:52:37,440: WARNING: SUCCESSFULLY RETRIEVED info of casuals from the Database
2024-03-01 23:52:37,440: WARNING: SUCCESSFULLY RETRIEVED info of casuals from the Database
2024-03-01 23:52:37,440: WARNING: SUCCESSFULLY RETRIEVED info of casuals from the Database
2024-03-01 23:52:37,440: WARNING: SUCCESSFULLY RETRIEVED info of casuals from the Database
2024-03-01 23:52:37,440: WARNING: SUCCESSFULLY RETRIEVED info of casuals from the Database
2024-03-01 23:52:37,440: WARNING: SUCCESSFULLY RETRIEVED info of casuals from the Database
2024-03-01 23:52:37,440: WARNING: SUCCESSFULLY RETRIEVED info of casuals from the Database
2024-03-01 23:52:37,440: WARNING: SUCCESSFULLY RETRIEVED info of casuals from the Database
2024-03-01 23:52:37,440: WARNING: SUCCESSFULLY RETRIEVED info of casuals from the Database
2024-03-01 23:56:01,822: WARNING: SUCCESSFULLY RETRIEVED info of casuals from the Database
2024-03-01 23:56:01,822: WARNING: SUCCESSFULLY RETRIEVED info of casuals from the Database
2024-03-01 23:56:01,822: WARNING: SUCCESSFULLY RETRIEVED info of casuals from the Database
2024-03-01 23:56:01,822: WARNING: SUCCESSFULLY RETRIEVED info of casuals from the Database
2024-03-01 23:56:01,822: WARNING: SUCCESSFULLY RETRIEVED info of casuals from the Database
2024-03-01 23:56:01,822: WARNING: SUCCESSFULLY RETRIEVED info of casuals from the Database
2024-03-01 23:56:01,822: WARNING: SUCCESSFULLY RETRIEVED info of casuals from the Database
2024-03-01 23:56:01,822: WARNING: SUCCESSFULLY RETRIEVED info of casuals from the Database
2024-03-01 23:56:01,822: WARNING: SUCCESSFULLY RETRIEVED info of casuals from the Database
2024-03-01 23:56:01,822: WARNING: SUCCESSFULLY RETRIEVED info of casuals from the Database
2024-03-01 23:56:01,822: WARNING: SUCCESSFULLY RETRIEVED info of casuals from the Database
2024-03-01 23:57:12,952: WARNING: SUCCESSFULLY RETRIEVED info of casuals from the Database
2024-03-01 23:57:12,952: WARNING: SUCCESSFULLY RETRIEVED info of casuals from the Database
2024-03-01 23:57:12,952: WARNING: SUCCESSFULLY RETRIEVED info of casuals from the Database
2024-03-01 23:57:12,952: WARNING: SUCCESSFULLY RETRIEVED info of casuals from the Database
2024-03-01 23:57:12,952: WARNING: SUCCESSFULLY RETRIEVED info of casuals from the Database
2024-03-01 23:57:12,952: WARNING: SUCCESSFULLY RETRIEVED info of casuals from the Database
2024-03-01 23:57:12,952: WARNING: SUCCESSFULLY RETRIEVED info of casuals from the Database
2024-03-01 23:57:12,952: WARNING: SUCCESSFULLY RETRIEVED info of casuals from the Database
2024-03-01 23:57:12,952: WARNING: SUCCESSFULLY RETRIEVED info of casuals from the Database
2024-03-01 23:57:12,952: WARNING: SUCCESSFULLY RETRIEVED info of casuals from the Database
2024-03-01 23:57:12,952: WARNING: SUCCESSFULLY RETRIEVED info of casuals from the Database
2024-03-01 23:57:12,952: WARNING: SUCCESSFULLY RETRIEVED info of casuals from the Database
2024-03-01 23:59:31,989: WARNING: SUCCESSFULLY RETRIEVED info of casuals from the Database
2024-03-01 23:59:31,989: WARNING: SUCCESSFULLY RETRIEVED info of casuals from the Database
2024-03-01 23:59:31,989: WARNING: SUCCESSFULLY RETRIEVED info of casuals from the Database
2024-03-01 23:59:31,989: WARNING: SUCCESSFULLY RETRIEVED info of casuals from the Database
2024-03-01 23:59:31,989: WARNING: SUCCESSFULLY RETRIEVED info of casuals from the Database
2024-03-01 23:59:31,989: WARNING: SUCCESSFULLY RETRIEVED info of casuals from the Database
2024-03-01 23:59:31,989: WARNING: SUCCESSFULLY RETRIEVED info of casuals from the Database
2024-03-01 23:59:31,989: WARNING: SUCCESSFULLY RETRIEVED info of casuals from the Database
2024-03-01 23:59:31,989: WARNING: SUCCESSFULLY RETRIEVED info of casuals from the Database
2024-03-01 23:59:31,989: WARNING: SUCCESSFULLY RETRIEVED info of casuals from the Database
2024-03-01 23:59:31,989: WARNING: SUCCESSFULLY RETRIEVED info of casuals from the Database
2024-03-01 23:59:31,989: WARNING: SUCCESSFULLY RETRIEVED info of casuals from the Database
2024-03-01 23:59:31,989: WARNING: SUCCESSFULLY RETRIEVED info of casuals from the Database
2024-03-02 00:07:26,622: WARNING: SUCCESSFULLY RETRIEVED info of casuals from the Database
2024-03-02 00:07:26,622: WARNING: SUCCESSFULLY RETRIEVED info of casuals from the Database
2024-03-02 00:07:26,622: WARNING: SUCCESSFULLY RETRIEVED info of casuals from the Database
2024-03-02 00:07:26,622: WARNING: SUCCESSFULLY RETRIEVED info of casuals from the Database
2024-03-02 00:07:26,622: WARNING: SUCCESSFULLY RETRIEVED info of casuals from the Database
2024-03-02 00:07:26,622: WARNING: SUCCESSFULLY RETRIEVED info of casuals from the Database
2024-03-02 00:07:26,622: WARNING: SUCCESSFULLY RETRIEVED info of casuals from the Database
2024-03-02 00:07:26,622: WARNING: SUCCESSFULLY RETRIEVED info of casuals from the Database
2024-03-02 00:07:26,622: WARNING: SUCCESSFULLY RETRIEVED info of casuals from the Database
2024-03-02 00:07:26,622: WARNING: SUCCESSFULLY RETRIEVED info of casuals from the Database
2024-03-02 00:07:26,622: WARNING: SUCCESSFULLY RETRIEVED info of casuals from the Database
2024-03-02 00:07:26,622: WARNING: SUCCESSFULLY RETRIEVED info of casuals from the Database
2024-03-02 00:07:26,622: WARNING: SUCCESSFULLY RETRIEVED info of casuals from the Database
2024-03-02 00:07:26,622: WARNING: SUCCESSFULLY RETRIEVED info of casuals from the Database
2024-03-02 00:08:43,402: WARNING: SUCCESSFULLY RETRIEVED info of casuals from the Database
2024-03-02 00:08:43,402: WARNING: SUCCESSFULLY RETRIEVED info of casuals from the Database
2024-03-02 00:08:43,402: WARNING: SUCCESSFULLY RETRIEVED info of casuals from the Database
2024-03-02 00:08:43,402: WARNING: SUCCESSFULLY RETRIEVED info of casuals from the Database
2024-03-02 00:08:43,402: WARNING: SUCCESSFULLY RETRIEVED info of casuals from the Database
2024-03-02 00:08:43,402: WARNING: SUCCESSFULLY RETRIEVED info of casuals from the Database
2024-03-02 00:08:43,402: WARNING: SUCCESSFULLY RETRIEVED info of casuals from the Database
2024-03-02 00:08:43,402: WARNING: SUCCESSFULLY RETRIEVED info of casuals from the Database
2024-03-02 00:08:43,402: WARNING: SUCCESSFULLY RETRIEVED info of casuals from the Database
2024-03-02 00:08:43,402: WARNING: SUCCESSFULLY RETRIEVED info of casuals from the Database
2024-03-02 00:08:43,402: WARNING: SUCCESSFULLY RETRIEVED info of casuals from the Database
2024-03-02 00:08:43,402: WARNING: SUCCESSFULLY RETRIEVED info of casuals from the Database
2024-03-02 00:08:43,402: WARNING: SUCCESSFULLY RETRIEVED info of casuals from the Database
2024-03-02 00:08:43,402: WARNING: SUCCESSFULLY RETRIEVED info of casuals from the Database
2024-03-02 00:08:43,402: WARNING: SUCCESSFULLY RETRIEVED info of casuals from the Database
2024-03-02 20:39:29,831: WARNING: SUCCESSFULLY RETRIEVED info of casuals from the Database
2024-03-02 20:42:07,437: WARNING: SUCCESSFULLY RETRIEVED info of casuals from the Database
2024-03-02 20:42:07,437: WARNING: SUCCESSFULLY RETRIEVED info of casuals from the Database
2024-03-02 20:44:02,449: WARNING: SUCCESSFULLY RETRIEVED info of casuals from the Database
2024-03-02 20:44:02,449: WARNING: SUCCESSFULLY RETRIEVED info of casuals from the Database
2024-03-02 20:44:02,449: WARNING: SUCCESSFULLY RETRIEVED info of casuals from the Database
2024-03-02 20:47:34,660: WARNING: SUCCESSFULLY RETRIEVED info of casuals from the Database
2024-03-02 20:47:34,660: WARNING: SUCCESSFULLY RETRIEVED info of casuals from the Database
2024-03-02 20:47:34,660: WARNING: SUCCESSFULLY RETRIEVED info of casuals from the Database
2024-03-02 20:47:34,660: WARNING: SUCCESSFULLY RETRIEVED info of casuals from the Database
2024-03-02 21:16:20,900: WARNING: SUCCESSFULLY RETRIEVED info of casuals from the Database
2024-03-02 21:16:20,900: WARNING: SUCCESSFULLY RETRIEVED info of casuals from the Database
2024-03-02 21:16:20,900: WARNING: SUCCESSFULLY RETRIEVED info of casuals from the Database
2024-03-02 21:16:20,900: WARNING: SUCCESSFULLY RETRIEVED info of casuals from the Database
2024-03-02 21:16:20,900: WARNING: SUCCESSFULLY RETRIEVED info of casuals from the Database
2024-03-02 21:16:20,900: WARNING: SUCCESSFULLY RETRIEVED info of casuals from the Database
2024-03-02 21:25:37,434: WARNING: SUCCESSFULLY RETRIEVED info of casuals from the Database
2024-03-02 21:25:37,434: WARNING: SUCCESSFULLY RETRIEVED info of casuals from the Database
2024-03-02 21:25:37,434: WARNING: SUCCESSFULLY RETRIEVED info of casuals from the Database
2024-03-02 21:25:37,434: WARNING: SUCCESSFULLY RETRIEVED info of casuals from the Database
2024-03-02 21:25:37,434: WARNING: SUCCESSFULLY RETRIEVED info of casuals from the Database
2024-03-02 21:25:37,434: WARNING: SUCCESSFULLY RETRIEVED info of casuals from the Database
2024-03-02 21:25:37,434: WARNING: SUCCESSFULLY RETRIEVED info of casuals from the Database
2024-03-02 21:26:01,049: WARNING: SUCCESSFULLY RETRIEVED info of casuals from the Database
2024-03-02 21:26:01,049: WARNING: SUCCESSFULLY RETRIEVED info of casuals from the Database
2024-03-02 21:26:01,049: WARNING: SUCCESSFULLY RETRIEVED info of casuals from the Database
2024-03-02 21:26:01,049: WARNING: SUCCESSFULLY RETRIEVED info of casuals from the Database
2024-03-02 21:26:01,049: WARNING: SUCCESSFULLY RETRIEVED info of casuals from the Database
2024-03-02 21:26:01,049: WARNING: SUCCESSFULLY RETRIEVED info of casuals from the Database
2024-03-02 21:26:01,049: WARNING: SUCCESSFULLY RETRIEVED info of casuals from the Database
2024-03-02 21:26:01,049: WARNING: SUCCESSFULLY RETRIEVED info of casuals from the Database
2024-03-02 21:27:37,545: WARNING: SUCCESSFULLY RETRIEVED info of casuals from the Database
2024-03-02 21:34:31,553: WARNING: SUCCESSFULLY RETRIEVED info of casuals from the Database
2024-03-02 21:34:31,553: WARNING: SUCCESSFULLY RETRIEVED info of casuals from the Database
2024-03-02 21:34:31,553: WARNING: SUCCESSFULLY RETRIEVED info of casuals from the Database
2024-03-02 21:40:20,342: WARNING: SUCCESSFULLY RETRIEVED info of casuals from the Database
2024-03-02 21:40:20,342: WARNING: SUCCESSFULLY RETRIEVED info of casuals from the Database
2024-03-02 21:40:20,342: WARNING: SUCCESSFULLY RETRIEVED info of casuals from the Database
2024-03-02 21:40:20,342: WARNING: SUCCESSFULLY RETRIEVED info of casuals from the Database
2024-03-02 21:40:52,095: WARNING: SUCCESSFULLY RETRIEVED info of casuals from the Database
2024-03-02 21:40:52,095: WARNING: SUCCESSFULLY RETRIEVED info of casuals from the Database
2024-03-02 21:40:52,095: WARNING: SUCCESSFULLY RETRIEVED info of casuals from the Database
2024-03-02 21:40:52,095: WARNING: SUCCESSFULLY RETRIEVED info of casuals from the Database
2024-03-02 21:40:52,095: WARNING: SUCCESSFULLY RETRIEVED info of casuals from the Database
2024-03-02 21:46:22,339: WARNING: SUCCESSFULLY RETRIEVED info of casuals from the Database
2024-03-02 21:46:22,339: WARNING: SUCCESSFULLY RETRIEVED info of casuals from the Database
2024-03-02 21:46:22,339: WARNING: SUCCESSFULLY RETRIEVED info of casuals from the Database
2024-03-02 21:46:22,339: WARNING: SUCCESSFULLY RETRIEVED info of casuals from the Database
2024-03-02 21:46:22,339: WARNING: SUCCESSFULLY RETRIEVED info of casuals from the Database
2024-03-02 21:46:22,339: WARNING: SUCCESSFULLY RETRIEVED info of casuals from the Database
2024-03-02 21:49:22,105: WARNING: SUCCESSFULLY RETRIEVED info of casuals from the Database
2024-03-02 21:49:22,105: WARNING: SUCCESSFULLY RETRIEVED info of casuals from the Database
2024-03-02 21:49:22,105: WARNING: SUCCESSFULLY RETRIEVED info of casuals from the Database
2024-03-02 21:49:22,105: WARNING: SUCCESSFULLY RETRIEVED info of casuals from the Database
2024-03-02 21:49:22,105: WARNING: SUCCESSFULLY RETRIEVED info of casuals from the Database
2024-03-02 21:49:22,105: WARNING: SUCCESSFULLY RETRIEVED info of casuals from the Database
2024-03-02 21:49:22,105: WARNING: SUCCESSFULLY RETRIEVED info of casuals from the Database
2024-03-02 21:53:59,170: WARNING: SUCCESSFULLY RETRIEVED info of casuals from the Database
2024-03-02 21:53:59,170: WARNING: SUCCESSFULLY RETRIEVED info of casuals from the Database
2024-03-02 21:53:59,170: WARNING: SUCCESSFULLY RETRIEVED info of casuals from the Database
2024-03-02 21:53:59,170: WARNING: SUCCESSFULLY RETRIEVED info of casuals from the Database
2024-03-02 21:53:59,170: WARNING: SUCCESSFULLY RETRIEVED info of casuals from the Database
2024-03-02 21:53:59,170: WARNING: SUCCESSFULLY RETRIEVED info of casuals from the Database
2024-03-02 21:53:59,170: WARNING: SUCCESSFULLY RETRIEVED info of casuals from the Database
2024-03-02 21:53:59,170: WARNING: SUCCESSFULLY RETRIEVED info of casuals from the Database
2024-03-02 21:57:53,616: WARNING: SUCCESSFULLY RETRIEVED info of casuals from the Database
2024-03-02 21:57:53,616: WARNING: SUCCESSFULLY RETRIEVED info of casuals from the Database
2024-03-02 21:57:53,616: WARNING: SUCCESSFULLY RETRIEVED info of casuals from the Database
2024-03-02 21:57:53,616: WARNING: SUCCESSFULLY RETRIEVED info of casuals from the Database
2024-03-02 21:57:53,616: WARNING: SUCCESSFULLY RETRIEVED info of casuals from the Database
2024-03-02 21:57:53,616: WARNING: SUCCESSFULLY RETRIEVED info of casuals from the Database
2024-03-02 21:57:53,616: WARNING: SUCCESSFULLY RETRIEVED info of casuals from the Database
2024-03-02 21:57:53,616: WARNING: SUCCESSFULLY RETRIEVED info of casuals from the Database
2024-03-02 21:57:53,616: WARNING: SUCCESSFULLY RETRIEVED info of casuals from the Database
2024-03-02 21:57:53,616: WARNING: SUCCESSFULLY RETRIEVED info of casuals from the Database
2024-03-02 21:58:51,784: WARNING: SUCCESSFULLY RETRIEVED info of casuals from the Database
2024-03-02 21:58:51,784: WARNING: SUCCESSFULLY RETRIEVED info of casuals from the Database
2024-03-02 21:58:51,784: WARNING: SUCCESSFULLY RETRIEVED info of casuals from the Database
2024-03-02 21:58:51,784: WARNING: SUCCESSFULLY RETRIEVED info of casuals from the Database
2024-03-02 21:58:51,784: WARNING: SUCCESSFULLY RETRIEVED info of casuals from the Database
2024-03-02 21:58:51,784: WARNING: SUCCESSFULLY RETRIEVED info of casuals from the Database
2024-03-02 21:58:51,784: WARNING: SUCCESSFULLY RETRIEVED info of casuals from the Database
2024-03-02 21:58:51,784: WARNING: SUCCESSFULLY RETRIEVED info of casuals from the Database
2024-03-02 21:58:51,784: WARNING: SUCCESSFULLY RETRIEVED info of casuals from the Database
2024-03-02 21:58:51,784: WARNING: SUCCESSFULLY RETRIEVED info of casuals from the Database
2024-03-02 21:58:51,784: WARNING: SUCCESSFULLY RETRIEVED info of casuals from the Database
2024-03-02 22:00:45,680: WARNING: SUCCESSFULLY RETRIEVED info of casuals from the Database
2024-03-02 22:00:45,680: WARNING: SUCCESSFULLY RETRIEVED info of casuals from the Database
2024-03-02 22:00:45,680: WARNING: SUCCESSFULLY RETRIEVED info of casuals from the Database
2024-03-02 22:00:45,680: WARNING: SUCCESSFULLY RETRIEVED info of casuals from the Database
2024-03-02 22:00:45,680: WARNING: SUCCESSFULLY RETRIEVED info of casuals from the Database
2024-03-02 22:00:45,680: WARNING: SUCCESSFULLY RETRIEVED info of casuals from the Database
2024-03-02 22:00:45,680: WARNING: SUCCESSFULLY RETRIEVED info of casuals from the Database
2024-03-02 22:00:45,680: WARNING: SUCCESSFULLY RETRIEVED info of casuals from the Database
2024-03-02 22:00:45,680: WARNING: SUCCESSFULLY RETRIEVED info of casuals from the Database
2024-03-02 22:00:45,680: WARNING: SUCCESSFULLY RETRIEVED info of casuals from the Database
2024-03-02 22:00:45,680: WARNING: SUCCESSFULLY RETRIEVED info of casuals from the Database
2024-03-02 22:00:45,680: WARNING: SUCCESSFULLY RETRIEVED info of casuals from the Database
2024-03-02 22:02:09,488: WARNING: SUCCESSFULLY RETRIEVED info of casuals from the Database
2024-03-02 22:03:42,883: WARNING: SUCCESSFULLY RETRIEVED info of casuals from the Database
2024-03-02 22:03:42,883: WARNING: SUCCESSFULLY RETRIEVED info of casuals from the Database
2024-03-02 22:16:20,447: WARNING: SUCCESSFULLY RETRIEVED info of casuals from the Database
2024-03-02 22:16:20,447: WARNING: SUCCESSFULLY RETRIEVED info of casuals from the Database
2024-03-02 22:16:20,447: WARNING: SUCCESSFULLY RETRIEVED info of casuals from the Database
2024-03-02 22:20:38,847: WARNING: SUCCESSFULLY RETRIEVED info of casuals from the Database
2024-03-02 22:20:38,847: WARNING: SUCCESSFULLY RETRIEVED info of casuals from the Database
2024-03-02 22:20:38,847: WARNING: SUCCESSFULLY RETRIEVED info of casuals from the Database
2024-03-02 22:20:38,847: WARNING: SUCCESSFULLY RETRIEVED info of casuals from the Database
2024-03-02 22:26:24,940: WARNING: SUCCESSFULLY RETRIEVED info of casuals from the Database
2024-03-02 22:26:24,940: WARNING: SUCCESSFULLY RETRIEVED info of casuals from the Database
2024-03-02 22:26:24,940: WARNING: SUCCESSFULLY RETRIEVED info of casuals from the Database
2024-03-02 22:26:24,940: WARNING: SUCCESSFULLY RETRIEVED info of casuals from the Database
2024-03-02 22:26:24,940: WARNING: SUCCESSFULLY RETRIEVED info of casuals from the Database
2024-03-02 22:31:45,291: WARNING: SUCCESSFULLY RETRIEVED info of casuals from the Database
2024-03-02 22:32:36,761: WARNING: SUCCESSFULLY RETRIEVED info of casuals from the Database
2024-03-02 22:32:36,761: WARNING: SUCCESSFULLY RETRIEVED info of casuals from the Database
2024-03-02 22:34:16,562: WARNING: SUCCESSFULLY RETRIEVED info of casuals from the Database
2024-03-02 22:34:16,562: WARNING: SUCCESSFULLY RETRIEVED info of casuals from the Database
2024-03-02 22:34:16,562: WARNING: SUCCESSFULLY RETRIEVED info of casuals from the Database
2024-03-02 22:35:39,634: WARNING: SUCCESSFULLY RETRIEVED info of casuals from the Database
2024-03-02 22:35:39,634: WARNING: SUCCESSFULLY RETRIEVED info of casuals from the Database
2024-03-02 22:35:39,634: WARNING: SUCCESSFULLY RETRIEVED info of casuals from the Database
2024-03-02 22:35:39,634: WARNING: SUCCESSFULLY RETRIEVED info of casuals from the Database
2024-03-02 22:36:01,683: WARNING: SUCCESSFULLY RETRIEVED info of casuals from the Database
2024-03-02 22:36:01,683: WARNING: SUCCESSFULLY RETRIEVED info of casuals from the Database
2024-03-02 22:36:01,683: WARNING: SUCCESSFULLY RETRIEVED info of casuals from the Database
2024-03-02 22:36:01,683: WARNING: SUCCESSFULLY RETRIEVED info of casuals from the Database
2024-03-02 22:36:01,683: WARNING: SUCCESSFULLY RETRIEVED info of casuals from the Database
2024-03-02 22:38:43,960: WARNING: SUCCESSFULLY RETRIEVED info of casuals from the Database
2024-03-02 22:38:43,960: WARNING: SUCCESSFULLY RETRIEVED info of casuals from the Database
2024-03-02 22:38:43,960: WARNING: SUCCESSFULLY RETRIEVED info of casuals from the Database
2024-03-02 22:38:43,960: WARNING: SUCCESSFULLY RETRIEVED info of casuals from the Database
2024-03-02 22:38:43,960: WARNING: SUCCESSFULLY RETRIEVED info of casuals from the Database
2024-03-02 22:38:43,960: WARNING: SUCCESSFULLY RETRIEVED info of casuals from the Database
2024-03-04 21:31:30,250: WARNING: SUCCESSFULLY RETRIEVED info of all executives from the Database
2024-03-04 21:31:47,582: WARNING: SUCCESSFULLY RETRIEVED info of casuals from the Database
2024-03-04 21:38:14,312: WARNING: SUCCESSFULLY ADDED Lorra Smith in the Database
2024-03-04 21:38:14,582: WARNING: SUCCESSFULLY ADDED Montana Smith in the Database
2024-03-04 21:38:14,745: WARNING: SUCCESSFULLY ADDED Lisa Ann in the Database
2024-03-04 21:38:14,841: WARNING: SUCCESSFULLY ADDED Avil Reiner in the Database
2024-03-04 21:38:14,937: WARNING: SUCCESSFULLY ADDED Moon Shadow in the Database
2024-03-04 21:38:35,607: WARNING: SUCCESSFULLY RETRIEVED info of casuals from the Database
2024-03-07 10:09:57,976: WARNING: SUCCESSFULLY RETRIEVED info of casuals from the Database
2024-03-07 10:28:41,284: WARNING: SUCCESSFULLY RETRIEVED info of casuals from the Database
2024-03-27 03:13:45,757: WARNING: SUCCESSFULLY RETRIEVED info of casuals from the Database
2024-03-27 03:26:07,497: WARNING: SUCCESSFULLY RETRIEVED info of casuals from the Database
2024-03-27 03:26:07,497: WARNING: SUCCESSFULLY RETRIEVED info of casuals from the Database
2024-03-27 03:39:08,533: WARNING: SUCCESSFULLY RETRIEVED info of casuals from the Database
2024-03-27 03:39:08,533: WARNING: SUCCESSFULLY RETRIEVED info of casuals from the Database
2024-03-27 03:39:08,533: WARNING: SUCCESSFULLY RETRIEVED info of casuals from the Database
