2024-01-31 15:23:03,823: INFO: Hey Qazy, William  Smith has been added to our COMPANY database and Co.
2024-01-31 15:23:03,823: INFO: PRIMUS Qazy, William  Smith has been added to our EXECUTIVE database and Co.
2024-01-31 15:23:03,823: INFO: Hey Qazy, William  Smith has been added to our COMPANY database and Co.
2024-01-31 15:23:03,823: INFO: PRIMUS Qazy, William  Smith has been added to our Casual database and Co.
2024-01-31 15:23:26,677: INFO: Hey Qazy, William  Smith has been added to our COMPANY database and Co.
2024-01-31 15:23:26,677: INFO: PRIMUS Qazy, William  Smith has been added to our EXECUTIVE database and Co.
2024-01-31 15:23:26,677: INFO: Hey Qazy, William  Smith has been added to our COMPANY database and Co.
2024-01-31 15:23:26,683: INFO: PRIMUS Qazy, William  Smith has been added to our Casual database and Co.
2024-01-31 15:24:14,661: INFO: Hey Qazy, William  Smith has been added to our COMPANY database and Co.
2024-01-31 15:24:14,661: INFO: PRIMUS Qazy, William  Smith has been added to our EXECUTIVE database and Co.
2024-01-31 15:24:14,661: INFO: Hey Qazy, William  Smith has been added to our COMPANY database and Co.
2024-01-31 15:24:14,661: INFO: PRIMUS Qazy, William  Smith has been added to our Casual database and Co.
2024-01-31 15:28:54,216: INFO: Hey Qazy, William  Smith has been added to our COMPANY database and Co.
2024-01-31 15:28:54,216: INFO: PRIMUS Qazy, William  Smith has been added to our EXECUTIVE database and Co.
2024-01-31 15:29:42,657: INFO: Hey Qazy, William  Smith has been added to our COMPANY database and Co.
2024-01-31 15:29:42,658: INFO: PRIMUS Qazy, William  Smith has been added to our EXECUTIVE database and Co.
2024-01-31 15:29:42,658: INFO: Hey Qazy, William  Smith has been added to our COMPANY database and Co.
2024-01-31 15:29:42,658: INFO: PRIMUS Qazy, William  Smith has been added to our Casual database and Co.
2024-01-31 15:29:53,038: INFO: Hey Qazy, William  Smith has been added to our COMPANY database and Co.
2024-01-31 15:29:53,038: INFO: PRIMUS Qazy, William  Smith has been added to our EXECUTIVE database and Co.
2024-01-31 15:29:53,038: INFO: Hey Qazy, William  Smith has been added to our COMPANY database and Co.
2024-01-31 15:29:53,038: INFO: PRIMUS Qazy, William  Smith has been added to our Casual database and Co.
2024-01-31 15:31:02,901: INFO: Hey Qazy, William  Smith has been added to our COMPANY database and Co.
2024-01-31 15:31:02,901: INFO: PRIMUS Qazy, William  Smith has been added to our EXECUTIVE database and Co.
2024-01-31 15:31:02,901: INFO: Hey Qazy, William  Smith has been added to our COMPANY database and Co.
2024-01-31 15:31:02,901: INFO: PRIMUS Qazy, William  Smith has been added to our Casual database and Co.
2024-01-31 15:31:10,077: INFO: Hey Qazy, William  Smith has been added to our COMPANY database and Co.
2024-01-31 15:31:10,077: INFO: PRIMUS Qazy, William  Smith has been added to our EXECUTIVE database and Co.
2024-01-31 15:31:10,077: INFO: Hey Qazy, William  Smith has been added to our COMPANY database and Co.
2024-01-31 15:31:10,077: INFO: PRIMUS Qazy, William  Smith has been added to our Casual database and Co.
2024-01-31 15:34:53,372: INFO: Hey Qazy, William  Smith has been added to our COMPANY database and Co.
2024-01-31 15:34:53,372: INFO: PRIMUS Qazy, William  Smith has been added to our EXECUTIVE database and Co.
2024-01-31 15:34:53,372: INFO: Hey Qazy, William  Smith has been added to our COMPANY database and Co.
2024-01-31 15:34:53,372: INFO: PRIMUS Qazy, William  Smith has been added to our Casual database and Co.
2024-01-31 15:35:05,240: INFO: Hey Qazy, William  Smith has been added to our COMPANY database and Co.
2024-01-31 15:35:05,240: INFO: PRIMUS Qazy, William  Smith has been added to our EXECUTIVE database and Co.
2024-01-31 15:35:05,240: INFO: Hey Qazy, William  Smith has been added to our COMPANY database and Co.
2024-01-31 15:35:05,240: INFO: PRIMUS Qazy, William  Smith has been added to our Casual database and Co.
2024-01-31 15:43:02,527: INFO: Hey Qazy, William  Smith has been added to our COMPANY database and Co.
2024-01-31 15:43:02,527: INFO: PRIMUS Qazy, William  Smith has been added to our EXECUTIVE database and Co.
2024-01-31 15:43:02,527: INFO: Hey Qazy, William  Smith has been added to our COMPANY database and Co.
2024-01-31 15:43:02,528: INFO: PRIMUS Qazy, William  Smith has been added to our Casual database and Co.
2024-01-31 15:50:49,504: INFO: Hey Qazy, William  Smith has been added to our COMPANY database and Co.
2024-01-31 15:50:49,504: INFO: PRIMUS Qazy, William  Smith has been added to our EXECUTIVE database and Co.
2024-01-31 15:50:49,504: INFO: Hey Qazy, William  Smith has been added to our COMPANY database and Co.
2024-01-31 15:50:49,504: INFO: PRIMUS Qazy, William  Smith has been added to our Casual database and Co.
2024-01-31 16:06:31,254: INFO: Hey Qazy, William  Smith has been added to our COMPANY database and Co.
2024-01-31 16:06:31,254: INFO: PRIMUS Qazy, William  Smith has been added to our EXECUTIVE database and Co.
2024-01-31 16:06:31,254: INFO: Hey Qazy, William  Smith has been added to our COMPANY database and Co.
2024-01-31 16:06:31,254: INFO: PRIMUS Qazy, William  Smith has been added to our Casual database and Co.
2024-01-31 16:12:28,373: INFO: Hey Qazy, William  Smith has been added to our COMPANY database and Co.
2024-01-31 16:12:28,373: INFO: PRIMUS Qazy, William  Smith has been added to our EXECUTIVE database and Co.
2024-01-31 16:12:28,373: INFO: Hey Qazy, William  Smith has been added to our COMPANY database and Co.
2024-01-31 16:12:28,373: INFO: PRIMUS Qazy, William  Smith has been added to our Casual database and Co.
2024-01-31 16:13:49,597: INFO: Hey Qazy, William  Smith has been added to our COMPANY database and Co.
2024-01-31 16:13:49,598: INFO: PRIMUS Qazy, William  Smith has been added to our EXECUTIVE database and Co.
2024-01-31 16:18:25,694: INFO: Hey Qazy, William  Smith has been added to our COMPANY database and Co.
2024-01-31 16:18:25,694: INFO: PRIMUS Qazy, William  Smith has been added to our EXECUTIVE database and Co.
2024-01-31 16:18:41,717: INFO: Hey Qazy, William  Smith has been added to our COMPANY database and Co.
2024-01-31 16:18:41,717: INFO: PRIMUS Qazy, William  Smith has been added to our EXECUTIVE database and Co.
2024-01-31 16:23:58,170: INFO: Hey Qazy, William  Smith has been added to our COMPANY database and Co.
2024-01-31 16:23:58,170: INFO: PRIMUS Qazy, William  Smith has been added to our EXECUTIVE database and Co.
2024-01-31 16:27:22,359: INFO: Hey Qazy, William  Smith has been added to our COMPANY database and Co.
2024-01-31 16:27:22,360: INFO: PRIMUS Qazy, William  Smith has been added to our EXECUTIVE database and Co.
2024-01-31 16:32:47,818: INFO: Hey Qazy, William  Smith has been added to our COMPANY database and Co.
2024-01-31 16:32:47,819: INFO: PRIMUS Qazy, William  Smith has been added to our EXECUTIVE database and Co.
2024-01-31 16:32:56,125: INFO: Hey Qazy, William  Smith has been added to our COMPANY database and Co.
2024-01-31 16:32:56,125: INFO: PRIMUS Qazy, William  Smith has been added to our EXECUTIVE database and Co.
2024-02-01 04:48:20,756: INFO: Hey Qazy, William  Smith has been added to our COMPANY database and Co.
2024-02-01 04:48:20,756: INFO: PRIMUS Qazy, William  Smith has been added to our EXECUTIVE database and Co.
2024-02-01 04:50:24,033: INFO: Hey Qazy, William  Smith has been added to our COMPANY database and Co.
2024-02-01 04:50:24,033: INFO: PRIMUS Qazy, William  Smith has been added to our EXECUTIVE database and Co.
2024-02-01 04:50:42,003: INFO: Hey Qazy, William  Smith has been added to our COMPANY database and Co.
2024-02-01 04:50:42,003: INFO: PRIMUS Qazy, William  Smith has been added to our EXECUTIVE database and Co.
2024-02-01 04:51:11,067: INFO: Hey Qazy, William  Smith has been added to our COMPANY database and Co.
2024-02-01 04:51:11,067: INFO: PRIMUS Qazy, William  Smith has been added to our EXECUTIVE database and Co.
2024-02-01 04:51:21,739: INFO: Hey Qazy, William  Smith has been added to our COMPANY database and Co.
2024-02-01 04:51:21,739: INFO: PRIMUS Qazy, William  Smith has been added to our EXECUTIVE database and Co.
2024-02-01 04:58:45,068: INFO: Hey Qazy, William  Smith has been added to our COMPANY database and Co.
2024-02-01 04:58:45,068: INFO: PRIMUS Qazy, William  Smith has been added to our EXECUTIVE database and Co.
2024-02-01 04:58:58,471: INFO: Hey Qazy, William  Smith has been added to our COMPANY database and Co.
2024-02-01 04:58:58,471: INFO: PRIMUS Qazy, William  Smith has been added to our EXECUTIVE database and Co.
2024-02-01 05:00:40,440: INFO: Hey Qazy, William  Smith has been added to our COMPANY database and Co.
2024-02-01 05:00:40,440: INFO: PRIMUS Qazy, William  Smith has been added to our EXECUTIVE database and Co.
2024-02-01 05:01:01,344: INFO: Hey Qazy, William  Smith has been added to our COMPANY database and Co.
2024-02-01 05:01:01,344: INFO: PRIMUS Qazy, William  Smith has been added to our EXECUTIVE database and Co.
2024-02-01 05:03:55,306: INFO: Hey Qazy, William  Smith has been added to our COMPANY database and Co.
2024-02-01 05:03:55,306: INFO: PRIMUS Qazy, William  Smith has been added to our EXECUTIVE database and Co.
2024-02-01 05:04:42,333: INFO: Hey Qazy, William  Smith has been added to our COMPANY database and Co.
2024-02-01 05:04:42,333: INFO: PRIMUS Qazy, William  Smith has been added to our EXECUTIVE database and Co.
2024-02-01 05:05:14,390: INFO: Hey Qazy, William  Smith has been added to our COMPANY database and Co.
2024-02-01 05:05:14,390: INFO: PRIMUS Qazy, William  Smith has been added to our EXECUTIVE database and Co.
2024-02-01 05:06:11,867: INFO: Hey Qazy, William  Smith has been added to our COMPANY database and Co.
2024-02-01 05:06:11,867: INFO: PRIMUS Qazy, William  Smith has been added to our EXECUTIVE database and Co.
2024-02-01 05:06:29,861: INFO: Hey Qazy, William  Smith has been added to our COMPANY database and Co.
2024-02-01 05:06:29,861: INFO: PRIMUS Qazy, William  Smith has been added to our EXECUTIVE database and Co.
2024-02-01 05:07:56,264: INFO: Hey Qazy, Mary  McClean has been added to our COMPANY database and Co.
2024-02-01 05:07:56,264: INFO: PRIMUS Qazy, Mary  McClean has been added to our EXECUTIVE database and Co.
